#
# There is insufficient memory for the Java Runtime Environment to continue.
# Native memory allocation (mmap) failed to map 134217728 bytes for Failed to commit area from 0x0000000081a00000 to 0x0000000089a00000 of length 134217728.
# Possible reasons:
#   The system is out of physical RAM or swap space
#   The process is running with CompressedOops enabled, and the Java Heap may be blocking the growth of the native heap
# Possible solutions:
#   Reduce memory load on the system
#   Increase physical memory or swap space
#   Check if swap backing store is full
#   Decrease Java heap size (-Xmx/-Xms)
#   Decrease number of Java threads
#   Decrease Java thread stack sizes (-Xss)
#   Set larger code cache with -XX:ReservedCodeCacheSize=
# This output file may be truncated or incomplete.
#
#  Out of Memory Error (./open/src/hotspot/os/windows/os_windows.cpp:3275), pid=12644, tid=14116
#
# JRE version:  (11.0.9+7) (build )
# Java VM: Java HotSpot(TM) 64-Bit Server VM (11.0.9+7-LTS, mixed mode, sharing, tiered, compressed oops, g1 gc, windows-amd64)
# No core dump will be written. Minidumps are not enabled by default on client versions of Windows
#

---------------  S U M M A R Y ------------

Command Line: -Xverify:none -XX:TieredStopAtLevel=1 com.bipin.vehicle.tracker.VehicleTrackerSystemApplication

Host: Intel(R) Core(TM) i5-6200U CPU @ 2.30GHz, 4 cores, 7G,  Windows 10 , 64 bit Build 19041 (10.0.19041.928)
Time: Mon Jun  7 01:44:54 2021 Nepal Standard Time elapsed time: 0.091126 seconds (0d 0h 0m 0s)

---------------  T H R E A D  ---------------

Current thread (0x0000014434409800):  JavaThread "Unknown thread" [_thread_in_vm, id=14116, stack(0x000000384cf00000,0x000000384d000000)]

Stack: [0x000000384cf00000,0x000000384d000000]
Native frames: (J=compiled Java code, j=interpreted, Vv=VM code, C=native code)
V  [jvm.dll+0x611a3a]
V  [jvm.dll+0x748aaf]
V  [jvm.dll+0x74a135]
V  [jvm.dll+0x74a7b3]
V  [jvm.dll+0x2439f8]
V  [jvm.dll+0x60eeda]
V  [jvm.dll+0x603de5]
V  [jvm.dll+0x2f785c]
V  [jvm.dll+0x2f76e2]
V  [jvm.dll+0x2fc396]
V  [jvm.dll+0x33e1df]
V  [jvm.dll+0x33dc10]
V  [jvm.dll+0x2d5aa8]
V  [jvm.dll+0x2d6c06]
V  [jvm.dll+0x724927]
V  [jvm.dll+0x7261cf]
V  [jvm.dll+0x34af59]
V  [jvm.dll+0x70a4a0]
V  [jvm.dll+0x3b415f]
V  [jvm.dll+0x3b6201]
C  [jli.dll+0x520b]
C  [ucrtbase.dll+0x21bb2]
C  [KERNEL32.DLL+0x17034]
C  [ntdll.dll+0x52651]


---------------  P R O C E S S  ---------------

Threads class SMR info:
_java_thread_list=0x000001443221a360, length=0, elements={
}

Java Threads: ( => current thread )

Other Threads:
  0x0000014434420800 GCTaskThread "GC Thread#0" [stack: 0x000000384d000000,0x000000384d100000] [id=4156]
  0x0000014434452800 ConcurrentGCThread "G1 Main Marker" [stack: 0x000000384d100000,0x000000384d200000] [id=14884]
  0x0000014434454000 ConcurrentGCThread "G1 Conc#0" [stack: 0x000000384d200000,0x000000384d300000] [id=15024]

[error occurred during error reporting (printing all threads), id 0xc0000005, EXCEPTION_ACCESS_VIOLATION (0xc0000005) at pc=0x00007ffe98ca42a7]

VM state:not at safepoint (not fully initialized)

VM Mutex/Monitor currently owned by a thread:  ([mutex/lock_event])
[0x00000144344057b0] Heap_lock - owner thread: 0x0000014434409800

Heap address: 0x0000000081a00000, size: 2022 MB, Compressed Oops mode: Non-zero based: 0x0000000081a00000
Narrow klass base: 0x0000000000000000, Narrow klass shift: 0

GC Heap History (0 events):
No events

Deoptimization events (0 events):
No events

Classes redefined (0 events):
No events

Internal exceptions (0 events):
No events

Events (0 events):
No events


Dynamic libraries:
0x00007ff65dc10000 - 0x00007ff65dc1f000 	C:\Program Files\Java\jdk-11.0.9\bin\java.exe
0x00007ffee0990000 - 0x00007ffee0b85000 	C:\WINDOWS\SYSTEM32\ntdll.dll
0x00007ffedeb90000 - 0x00007ffedec4d000 	C:\WINDOWS\System32\KERNEL32.DLL
0x00007ffede720000 - 0x00007ffede9e8000 	C:\WINDOWS\System32\KERNELBASE.dll
0x00007ffede620000 - 0x00007ffede720000 	C:\WINDOWS\System32\ucrtbase.dll
0x00007ffecd9b0000 - 0x00007ffecd9c8000 	C:\Program Files\Java\jdk-11.0.9\bin\jli.dll
0x00007ffededf0000 - 0x00007ffedee9c000 	C:\WINDOWS\System32\ADVAPI32.dll
0x00007ffedff80000 - 0x00007ffee001e000 	C:\WINDOWS\System32\msvcrt.dll
0x00007ffedef40000 - 0x00007ffedefdb000 	C:\WINDOWS\System32\sechost.dll
0x00007ffedfd60000 - 0x00007ffedfe8b000 	C:\WINDOWS\System32\RPCRT4.dll
0x00007ffede9f0000 - 0x00007ffedeb90000 	C:\WINDOWS\System32\USER32.dll
0x00007ffede4f0000 - 0x00007ffede512000 	C:\WINDOWS\System32\win32u.dll
0x00007ffedf670000 - 0x00007ffedf69a000 	C:\WINDOWS\System32\GDI32.dll
0x00007ffede0d0000 - 0x00007ffede1db000 	C:\WINDOWS\System32\gdi32full.dll
0x00007ffede580000 - 0x00007ffede61d000 	C:\WINDOWS\System32\msvcp_win.dll
0x00007ffecd990000 - 0x00007ffecd9a5000 	C:\Program Files\Java\jdk-11.0.9\bin\VCRUNTIME140.dll
0x00007ffecdcd0000 - 0x00007ffecdf6a000 	C:\WINDOWS\WinSxS\amd64_microsoft.windows.common-controls_6595b64144ccf1df_6.0.19041.844_none_ca00b6081b84eb1d\COMCTL32.dll
0x00007ffed0a10000 - 0x00007ffed0a1a000 	C:\WINDOWS\SYSTEM32\VERSION.dll
0x00007ffedfc40000 - 0x00007ffedfc70000 	C:\WINDOWS\System32\IMM32.DLL
0x00007ffee0020000 - 0x00007ffee0762000 	C:\WINDOWS\System32\SHELL32.dll
0x00007ffedf190000 - 0x00007ffedf4e5000 	C:\WINDOWS\System32\combase.dll
0x00007ffee07d0000 - 0x00007ffee0825000 	C:\WINDOWS\System32\SHLWAPI.dll
0x00007ffedcf40000 - 0x00007ffedcf73000 	C:\WINDOWS\SYSTEM32\ntmarta.dll
0x00007ffeddf90000 - 0x00007ffeddfc1000 	C:\WINDOWS\SYSTEM32\SspiCli.dll
0x00007ffedc200000 - 0x00007ffedc990000 	C:\WINDOWS\SYSTEM32\windows.storage.dll
0x00007ffeddb40000 - 0x00007ffeddb6c000 	C:\WINDOWS\SYSTEM32\Wldp.dll
0x00007ffee0830000 - 0x00007ffee08de000 	C:\WINDOWS\System32\SHCORE.dll
0x00007ffeb7670000 - 0x00007ffeb770b000 	C:\Program Files\Java\jdk-11.0.9\bin\msvcp140.dll
0x00007ffe989c0000 - 0x00007ffe994b7000 	C:\Program Files\Java\jdk-11.0.9\bin\server\jvm.dll
0x00007ffedfc70000 - 0x00007ffedfc78000 	C:\WINDOWS\System32\PSAPI.DLL
0x00007ffed7b50000 - 0x00007ffed7b59000 	C:\WINDOWS\SYSTEM32\WSOCK32.dll
0x00007ffee08e0000 - 0x00007ffee094b000 	C:\WINDOWS\System32\WS2_32.dll
0x00007ffecf580000 - 0x00007ffecf5a7000 	C:\WINDOWS\SYSTEM32\WINMM.dll
0x00007ffedc9a0000 - 0x00007ffedc9b2000 	C:\WINDOWS\SYSTEM32\kernel.appcore.dll
0x00007ffedb4d0000 - 0x00007ffedb4e0000 	C:\Program Files\Java\jdk-11.0.9\bin\verify.dll
0x00007ffedbff0000 - 0x00007ffedc1d4000 	C:\WINDOWS\SYSTEM32\DBGHELP.DLL
0x00007ffec32f0000 - 0x00007ffec331c000 	C:\WINDOWS\SYSTEM32\dbgcore.DLL
0x00007ffede470000 - 0x00007ffede4f0000 	C:\WINDOWS\System32\bcryptPrimitives.dll
0x00007ffec6ad0000 - 0x00007ffec6af8000 	C:\Program Files\Java\jdk-11.0.9\bin\java.dll
0x00007ffed9940000 - 0x00007ffed994a000 	C:\Program Files\Java\jdk-11.0.9\bin\jimage.dll
0x00007ffecd640000 - 0x00007ffecd656000 	C:\Program Files\Java\jdk-11.0.9\bin\zip.dll

dbghelp: loaded successfully - version: 4.0.5 - missing functions: none
symbol engine: initialized successfully - sym options: 0x614 - pdb path: .;C:\Program Files\Java\jdk-11.0.9\bin;C:\WINDOWS\SYSTEM32;C:\WINDOWS\WinSxS\amd64_microsoft.windows.common-controls_6595b64144ccf1df_6.0.19041.844_none_ca00b6081b84eb1d;C:\Program Files\Java\jdk-11.0.9\bin\server

VM Arguments:
jvm_args: -Xverify:none -XX:TieredStopAtLevel=1 
java_command: com.bipin.vehicle.tracker.VehicleTrackerSystemApplication
java_class_path (initial): E:\JAVA\Intellij Workspace\vehicle-tracker\target\classes;C:\Users\Bipin\.m2\repository\org\springframework\spring-aop\5.3.7\spring-aop-5.3.7.jar;C:\Users\Bipin\.m2\repository\org\aspectj\aspectjweaver\1.9.6\aspectjweaver-1.9.6.jar;C:\Users\Bipin\.m2\repository\com\zaxxer\HikariCP\4.0.3\HikariCP-4.0.3.jar;C:\Users\Bipin\.m2\repository\org\springframework\spring-jdbc\5.3.7\spring-jdbc-5.3.7.jar;C:\Users\Bipin\.m2\repository\jakarta\transaction\jakarta.transaction-api\1.3.3\jakarta.transaction-api-1.3.3.jar;C:\Users\Bipin\.m2\repository\jakarta\persistence\jakarta.persistence-api\2.2.3\jakarta.persistence-api-2.2.3.jar;C:\Users\Bipin\.m2\repository\org\hibernate\hibernate-core\5.4.31.Final\hibernate-core-5.4.31.Final.jar;C:\Users\Bipin\.m2\repository\org\jboss\logging\jboss-logging\3.4.1.Final\jboss-logging-3.4.1.Final.jar;C:\Users\Bipin\.m2\repository\org\javassist\javassist\3.27.0-GA\javassist-3.27.0-GA.jar;C:\Users\Bipin\.m2\repository\net\bytebuddy\byte-buddy\1.10.22\byte-buddy-1.10.22.jar;C:\Users\Bipin\.m2\repository\antlr\antlr\2.7.7\antlr-2.7.7.jar;C:\Users\Bipin\.m2\repository\org\jboss\jandex\2.2.3.Final\jandex-2.2.3.Final.jar;C:\Users\Bipin\.m2\repository\com\fasterxml\classmate\1.5.1\classmate-1.5.1.jar;C:\Users\Bipin\.m2\repository\org\dom4j\dom4j\2.1.3\dom4j-2.1.3.jar;C:\Users\Bipin\.m2\repository\org\hibernate\common\hibernate-commons-annotations\5.1.2.Final\hibernate-commons-annotations-5.1.2.Final.jar;C:\Users\Bipin\.m2\repository\org\glassfish\jaxb\jaxb-runtime\2.3.4\jaxb-runtime-2.3.4.jar;C:\Users\Bipin\.m2\repository\org\glassfish\jaxb\txw2\2.3.4\txw2-2.3.4.jar;C:\Users\Bipin\.m2\repository\com\sun\istack\istack-commons-runtime\3.0.12\istack-commons-runtime-3.0.12.jar;C:\Users\Bipin\.m2\repository\com\sun\activation\jakarta.activation\1.2.2\jakarta.activation-1.2.2.jar;C:\Users\Bipin\.m2\repository\org\springframework\data\spring-data-jpa\2.5.1\spring-data-jpa-2.5.1.jar;C:\Users\Bipin\.m2\repository\org\springframework\
Launcher Type: SUN_STANDARD

[Global flags]
     bool BytecodeVerificationLocal                = false                                     {product} {command line}
     bool BytecodeVerificationRemote               = false                                     {product} {command line}
     intx CICompilerCount                          = 3                                         {product} {ergonomic}
     uint ConcGCThreads                            = 1                                         {product} {ergonomic}
     uint G1ConcRefinementThreads                  = 4                                         {product} {ergonomic}
   size_t G1HeapRegionSize                         = 1048576                                   {product} {ergonomic}
    uintx GCDrainStackTargetSize                   = 64                                        {product} {ergonomic}
   size_t InitialHeapSize                          = 134217728                                 {product} {ergonomic}
   size_t MarkStackSize                            = 4194304                                   {product} {ergonomic}
   size_t MaxHeapSize                              = 2120220672                                {product} {ergonomic}
   size_t MinHeapDeltaBytes                        = 1048576                                   {product} {ergonomic}
    uintx NonNMethodCodeHeapSize                   = 6973028                                {pd product} {ergonomic}
    uintx NonProfiledCodeHeapSize                  = 244685212                              {pd product} {ergonomic}
    uintx ProfiledCodeHeapSize                     = 0                                      {pd product} {ergonomic}
    uintx ReservedCodeCacheSize                    = 251658240                              {pd product} {ergonomic}
     bool SegmentedCodeCache                       = true                                      {product} {ergonomic}
     intx TieredStopAtLevel                        = 1                                         {product} {command line}
     bool UseCompressedClassPointers               = true                                 {lp64_product} {ergonomic}
     bool UseCompressedOops                        = true                                 {lp64_product} {ergonomic}
     bool UseG1GC                                  = true                                      {product} {ergonomic}
     bool UseLargePagesIndividualAllocation        = false                                  {pd product} {ergonomic}

Logging:
Log output configuration:
 #0: stdout all=warning uptime,level,tags
 #1: stderr all=off uptime,level,tags

Environment Variables:
JAVA_HOME=C:\Program Files\Java\jdk-11.0.9
PATH=C:\Program Files\AdoptOpenJDK\jdk-15.0.2.7-hotspot\bin;C:\Program Files (x86)\Common Files\Oracle\Java\javapath;C:\WINDOWS\system32;C:\WINDOWS;C:\WINDOWS\System32\Wbem;C:\WINDOWS\System32\WindowsPowerShell\v1.0\;C:\WINDOWS\System32\OpenSSH\;C:\Program Files\Git\cmd;C:\Program Files\MySQL\MySQL Server 8.0\bin;%JAVA_HOME %\bin;C:\Program Files\apache-maven-3.6.3-bin\apache-maven-3.6.3\bin;C:\Users\Bipin\AppData\Local\Microsoft\WindowsApps;
USERNAME=Bipin
OS=Windows_NT
PROCESSOR_IDENTIFIER=Intel64 Family 6 Model 78 Stepping 3, GenuineIntel



---------------  S Y S T E M  ---------------

OS: Windows 10 , 64 bit Build 19041 (10.0.19041.928)

CPU:total 4 (initial active 4) (2 cores per cpu, 2 threads per core) family 6 model 78 stepping 3, cmov, cx8, fxsr, mmx, sse, sse2, sse3, ssse3, sse4.1, sse4.2, popcnt, avx, avx2, aes, clmul, erms, 3dnowpref, lzcnt, ht, tsc, tscinvbit, bmi1, bmi2, adx, fma

Memory: 4k page, system-wide physical 8083M (699M free)
TotalPageFile size 11895M (AvailPageFile size 27M)
current process WorkingSet (physical memory assigned to process): 11M, peak: 11M
current process commit charge ("private bytes"): 49M, peak: 177M

vm_info: Java HotSpot(TM) 64-Bit Server VM (11.0.9+7-LTS) for windows-amd64 JRE (11.0.9+7-LTS), built on Sep 15 2020 16:47:03 by "mach5one" with MS VC++ 15.9 (VS2017)

END.
